Using pre-set license
Built from '2020.3/staging' branch; Version is '2020.3.0f1 (c7b5465681fb) revision 13088070'; Using compiler version '192528614'; Build Type 'Release'
OS: 'Windows 10 Home; OS build 19044.1586; Version 2009; 64bit' Language: 'tr' Physical Memory: 16322 MB
BatchMode: 1, IsHumanControllingUs: 0, StartBugReporterOnCrash: 0, Is64bit: 1, IsPro: 0

 COMMAND LINE ARGUMENTS:
C:\Program Files\Unity\Hub\Editor\2020.3.0f1\Editor\Unity.exe
-adb2
-batchMode
-noUpm
-name
AssetImportWorker0
-projectPath
C:/Users/ibrahim/Desktop/RPG_demo
-logFile
Logs/AssetImportWorker0.log
-srvPort
10807
Successfully changed project path to: C:/Users/ibrahim/Desktop/RPG_demo
C:/Users/ibrahim/Desktop/RPG_demo
Using Asset Import Pipeline V2.
Refreshing native plugins compatible for Editor in 48.68 ms, found 0 plugins.
Preloading 0 native plugins for Editor in 0.00 ms.
Initialize engine version: 2020.3.0f1 (c7b5465681fb)
[Subsystems] Discovering subsystems at path C:/Program Files/Unity/Hub/Editor/2020.3.0f1/Editor/Data/Resources/UnitySubsystems
[Subsystems] Discovering subsystems at path C:/Users/ibrahim/Desktop/RPG_demo/Assets
GfxDevice: creating device client; threaded=0
Direct3D:
    Version:  Direct3D 11.0 [level 11.0]
    Renderer: NVIDIA GeForce GTX 745 (ID=0x1382)
    Vendor:   
    VRAM:     4053 MB
    Driver:   30.0.15.1165
Initialize mono
Mono path[0] = 'C:/Program Files/Unity/Hub/Editor/2020.3.0f1/Editor/Data/Managed'
Mono path[1] = 'C:/Program Files/Unity/Hub/Editor/2020.3.0f1/Editor/Data/MonoBleedingEdge/lib/mono/unityjit'
Mono config path = 'C:/Program Files/Unity/Hub/Editor/2020.3.0f1/Editor/Data/MonoBleedingEdge/etc'
Using monoOptions --debugger-agent=transport=dt_socket,embedding=1,server=y,suspend=n,address=127.0.0.1:56580
Begin MonoManager ReloadAssembly
Registering precompiled unity dll's ...
Register platform support module: C:/Program Files/Unity/Hub/Editor/2020.3.0f1/Editor/Data/PlaybackEngines/WebGLSupport/UnityEditor.WebGL.Extensions.dll
Register platform support module: C:/Program Files/Unity/Hub/Editor/2020.3.0f1/Editor/Data/PlaybackEngines/WindowsStandaloneSupport/UnityEditor.WindowsStandalone.Extensions.dll
Registered in 0.003267 seconds.
Native extension for WindowsStandalone target not found
Native extension for WebGL target not found
Refreshing native plugins compatible for Editor in 41.99 ms, found 0 plugins.
Preloading 0 native plugins for Editor in 0.00 ms.
Invoked RoslynAnalysisRunner static constructor.
RoslynAnalysisRunner will not be running.
RoslynAnalysisRunner has terminated.
Mono: successfully reloaded assembly
- Completed reload, in  1.264 seconds
Platform modules already initialized, skipping
Registering precompiled user dll's ...
Registered in 0.002496 seconds.
Begin MonoManager ReloadAssembly
Native extension for WindowsStandalone target not found
Native extension for WebGL target not found
Refreshing native plugins compatible for Editor in 0.45 ms, found 0 plugins.
Preloading 0 native plugins for Editor in 0.00 ms.
Invoked RoslynAnalysisRunner static constructor.
RoslynAnalysisRunner will not be running.
RoslynAnalysisRunner has terminated.
Mono: successfully reloaded assembly
- Completed reload, in  0.888 seconds
Platform modules already initialized, skipping
========================================================================
Worker process is ready to serve import requests
Launched and connected shader compiler UnityShaderCompiler.exe after 0.07 seconds
Refreshing native plugins compatible for Editor in 0.43 ms, found 0 plugins.
Preloading 0 native plugins for Editor in 0.00 ms.
Unloading 1509 Unused Serialized files (Serialized files now loaded: 0)
System memory in use before: 70.3 MB.
System memory in use after: 70.4 MB.

Unloading 33 unused Assets to reduce memory usage. Loaded Objects now: 1938.
Total: 2.158000 ms (FindLiveObjects: 0.218700 ms CreateObjectMapping: 0.107400 ms MarkObjects: 1.719400 ms  DeleteObjects: 0.111500 ms)

========================================================================
Received Import Request.
  path: Assets/Creator Kit - RPG/Scenes
  artifactKey: Guid(ea5d6fea1f9f4414aadc22fdbc51cc81) Importer(815301076,1909f56bfc062723c751e8b465ee728b)
Start importing Assets/Creator Kit - RPG/Scenes using Guid(ea5d6fea1f9f4414aadc22fdbc51cc81) Importer(815301076,1909f56bfc062723c751e8b465ee728b)  -> (artifact id: '24848dcd290ec4641d836b4dd7420a7e') in 0.005552 seconds
  Import took 0.007924 seconds .

========================================================================
Received Import Request.
  Time since last request: 0.000368 seconds.
  path: Assets/Creator Kit - RPG/Scenes/BlankScene.unity
  artifactKey: Guid(6f7f323fbafea47d6b437a00d0d10d3d) Importer(815301076,1909f56bfc062723c751e8b465ee728b)
Start importing Assets/Creator Kit - RPG/Scenes/BlankScene.unity using Guid(6f7f323fbafea47d6b437a00d0d10d3d) Importer(815301076,1909f56bfc062723c751e8b465ee728b)  -> (artifact id: '12fd96130520354e9ab98eabaf86d016') in 0.011566 seconds
  Import took 0.014362 seconds .

========================================================================
Received Import Request.
  Time since last request: 0.000353 seconds.
  path: Assets/Creator Kit - RPG
  artifactKey: Guid(1e891b8029d454c93a95feb56e9901c3) Importer(815301076,1909f56bfc062723c751e8b465ee728b)
Start importing Assets/Creator Kit - RPG using Guid(1e891b8029d454c93a95feb56e9901c3) Importer(815301076,1909f56bfc062723c751e8b465ee728b)  -> (artifact id: '32f9ad049288d15253e8ef8777bd0ba1') in 0.004236 seconds
  Import took 0.006649 seconds .

========================================================================
Received Import Request.
  Time since last request: 0.110683 seconds.
  path: Assets/Creator Kit - RPG/Scenes/BlankScene 1.unity
  artifactKey: Guid(63f782895dea6b04b863a0a223124912) Importer(815301076,1909f56bfc062723c751e8b465ee728b)
Start importing Assets/Creator Kit - RPG/Scenes/BlankScene 1.unity using Guid(63f782895dea6b04b863a0a223124912) Importer(815301076,1909f56bfc062723c751e8b465ee728b)  -> (artifact id: 'a5247c435dbb603e64de770292680db0') in 0.004691 seconds
  Import took 0.007638 seconds .

========================================================================
Received Import Request.
  Time since last request: 4.141783 seconds.
  path: Assets/Creator Kit - RPG/Scenes/MainScene.unity
  artifactKey: Guid(63f782895dea6b04b863a0a223124912) Importer(815301076,1909f56bfc062723c751e8b465ee728b)
Start importing Assets/Creator Kit - RPG/Scenes/MainScene.unity using Guid(63f782895dea6b04b863a0a223124912) Importer(815301076,1909f56bfc062723c751e8b465ee728b)  -> (artifact id: 'bf0bf322a105b08397b64d0a9a1415bd') in 0.004247 seconds
  Import took 0.007020 seconds .

========================================================================
Received Import Request.
  Time since last request: 1239.304402 seconds.
  path: Assets/Creator Kit - RPG/Art/Sprites/Environment/Cloud1.png
  artifactKey: Guid(3dd7a0a47117acb40adbfe0778729b81) Importer(815301076,1909f56bfc062723c751e8b465ee728b)
Start importing Assets/Creator Kit - RPG/Art/Sprites/Environment/Cloud1.png using Guid(3dd7a0a47117acb40adbfe0778729b81) Importer(815301076,1909f56bfc062723c751e8b465ee728b)  -> (artifact id: '467159e01b3285133b63479e81a9a029') in 0.119199 seconds
  Import took 0.122176 seconds .

========================================================================
Received Import Request.
  Time since last request: 0.000387 seconds.
  path: Assets/Creator Kit - RPG/Art/Sprites/Environment/Cloud2.png
  artifactKey: Guid(8770f05271826164aadd939d4728d3a1) Importer(815301076,1909f56bfc062723c751e8b465ee728b)
Start importing Assets/Creator Kit - RPG/Art/Sprites/Environment/Cloud2.png using Guid(8770f05271826164aadd939d4728d3a1) Importer(815301076,1909f56bfc062723c751e8b465ee728b)  -> (artifact id: '841d74bbcebcdd7fb421119db6d8c56c') in 0.012072 seconds
  Import took 0.014966 seconds .

========================================================================
Received Import Request.
  Time since last request: 0.000330 seconds.
  path: Assets/Creator Kit - RPG/Art/Sprites/Environment/Fence.png
  artifactKey: Guid(a53d2c44340a6d14ea260ceefba9a1e8) Importer(815301076,1909f56bfc062723c751e8b465ee728b)
Start importing Assets/Creator Kit - RPG/Art/Sprites/Environment/Fence.png using Guid(a53d2c44340a6d14ea260ceefba9a1e8) Importer(815301076,1909f56bfc062723c751e8b465ee728b)  -> (artifact id: '2609616a33184dd3c6b405015b4aa09d') in 0.036311 seconds
  Import took 0.039100 seconds .

========================================================================
Received Import Request.
  Time since last request: 0.000207 seconds.
  path: Assets/Creator Kit - RPG/Art/Sprites/Environment/HouseRoof.png
  artifactKey: Guid(b694b22057cf35c4e96748f66d3f1f75) Importer(815301076,1909f56bfc062723c751e8b465ee728b)
Start importing Assets/Creator Kit - RPG/Art/Sprites/Environment/HouseRoof.png using Guid(b694b22057cf35c4e96748f66d3f1f75) Importer(815301076,1909f56bfc062723c751e8b465ee728b)  -> (artifact id: 'd4a0575fb99540ce6550109145a93c15') in 0.012471 seconds
  Import took 0.015185 seconds .

========================================================================
Received Import Request.
  Time since last request: 0.000306 seconds.
  path: Assets/Creator Kit - RPG/Art/Sprites/Environment/static environment objects.png
  artifactKey: Guid(e10c13642d970a64cbfb16f898fcd46c) Importer(815301076,1909f56bfc062723c751e8b465ee728b)
Start importing Assets/Creator Kit - RPG/Art/Sprites/Environment/static environment objects.png using Guid(e10c13642d970a64cbfb16f898fcd46c) Importer(815301076,1909f56bfc062723c751e8b465ee728b)  -> (artifact id: '240328bbf26b0ea0aa2aa3f0ddbfa74e') in 0.025653 seconds
  Import took 0.028896 seconds .

========================================================================
Received Import Request.
  Time since last request: 0.000211 seconds.
  path: Assets/Creator Kit - RPG/Art/Sprites/Environment/RockCliff.png
  artifactKey: Guid(b63a2439c80a4fe45bfe85f860f4b8d9) Importer(815301076,1909f56bfc062723c751e8b465ee728b)
Start importing Assets/Creator Kit - RPG/Art/Sprites/Environment/RockCliff.png using Guid(b63a2439c80a4fe45bfe85f860f4b8d9) Importer(815301076,1909f56bfc062723c751e8b465ee728b)  -> (artifact id: '78f8cd0cc3af93c21841995426cc7488') in 0.017130 seconds
  Import took 0.019649 seconds .

========================================================================
Received Import Request.
  Time since last request: 0.000289 seconds.
  path: Assets/Creator Kit - RPG/Art/Sprites/Environment/House.png
  artifactKey: Guid(8a9662b554744da4e97ed5bba5353115) Importer(815301076,1909f56bfc062723c751e8b465ee728b)
Start importing Assets/Creator Kit - RPG/Art/Sprites/Environment/House.png using Guid(8a9662b554744da4e97ed5bba5353115) Importer(815301076,1909f56bfc062723c751e8b465ee728b)  -> (artifact id: '3592e5c211c41d950245e43ad372773f') in 0.060761 seconds
  Import took 0.063787 seconds .

========================================================================
Received Import Request.
  Time since last request: 0.000222 seconds.
  path: Assets/Creator Kit - RPG/Art/Sprites/Environment/HouseChimney.png
  artifactKey: Guid(abdcf40be89574346bcdb8a45022ba72) Importer(815301076,1909f56bfc062723c751e8b465ee728b)
Start importing Assets/Creator Kit - RPG/Art/Sprites/Environment/HouseChimney.png using Guid(abdcf40be89574346bcdb8a45022ba72) Importer(815301076,1909f56bfc062723c751e8b465ee728b)  -> (artifact id: '3230d0cce20190650abb346cb506d82b') in 0.010356 seconds
  Import took 0.012763 seconds .

========================================================================
Received Import Request.
  Time since last request: 0.000247 seconds.
  path: Assets/Creator Kit - RPG/Art/Sprites/Environment/Cloud3.png
  artifactKey: Guid(f3fd60347f10d1f46aa6495101e7de38) Importer(815301076,1909f56bfc062723c751e8b465ee728b)
Start importing Assets/Creator Kit - RPG/Art/Sprites/Environment/Cloud3.png using Guid(f3fd60347f10d1f46aa6495101e7de38) Importer(815301076,1909f56bfc062723c751e8b465ee728b)  -> (artifact id: 'ad04c92794525894df2d791d0d4a947f') in 0.010644 seconds
  Import took 0.013715 seconds .

========================================================================
Received Import Request.
  Time since last request: 0.000243 seconds.
  path: Assets/Creator Kit - RPG/Art/Sprites/Environment/Items.png
  artifactKey: Guid(a4dbce958f01af8489942a973bfe20c3) Importer(815301076,1909f56bfc062723c751e8b465ee728b)
Start importing Assets/Creator Kit - RPG/Art/Sprites/Environment/Items.png using Guid(a4dbce958f01af8489942a973bfe20c3) Importer(815301076,1909f56bfc062723c751e8b465ee728b)  -> (artifact id: 'c2b44a26f2222fec18ae900ecc31f2cd') in 0.029625 seconds
  Import took 0.032757 seconds .

========================================================================
Received Import Request.
  Time since last request: 0.000249 seconds.
  path: Assets/Creator Kit - RPG/Art/Sprites/Environment/Pipeline_Walkpath.png
  artifactKey: Guid(4567a16d0e0692048b18bfbb59a5b426) Importer(815301076,1909f56bfc062723c751e8b465ee728b)
Start importing Assets/Creator Kit - RPG/Art/Sprites/Environment/Pipeline_Walkpath.png using Guid(4567a16d0e0692048b18bfbb59a5b426) Importer(815301076,1909f56bfc062723c751e8b465ee728b)  -> (artifact id: '375b23266ed0c0cbc830e4daf2b5b8d2') in 0.033397 seconds
  Import took 0.035901 seconds .

========================================================================
Received Import Request.
  Time since last request: 0.000267 seconds.
  path: Assets/Creator Kit - RPG/Art/Sprites/Environment/Pipeline_StoneWalkpath.png
  artifactKey: Guid(b2cf06612d923d6438d12b0d3a2c7ecc) Importer(815301076,1909f56bfc062723c751e8b465ee728b)
Start importing Assets/Creator Kit - RPG/Art/Sprites/Environment/Pipeline_StoneWalkpath.png using Guid(b2cf06612d923d6438d12b0d3a2c7ecc) Importer(815301076,1909f56bfc062723c751e8b465ee728b)  -> (artifact id: '03162f20b162aa85d9425559fd8fee02') in 0.031417 seconds
  Import took 0.033962 seconds .

========================================================================
Received Prepare
Registering precompiled user dll's ...
Registered in 0.002516 seconds.
Begin MonoManager ReloadAssembly
Native extension for WindowsStandalone target not found
Native extension for WebGL target not found
Refreshing native plugins compatible for Editor in 0.44 ms, found 0 plugins.
Preloading 0 native plugins for Editor in 0.00 ms.
Invoked RoslynAnalysisRunner static constructor.
RoslynAnalysisRunner will not be running.
RoslynAnalysisRunner has terminated.
Mono: successfully reloaded assembly
- Completed reload, in  0.906 seconds
Platform modules already initialized, skipping
Refreshing native plugins compatible for Editor in 0.45 ms, found 0 plugins.
Preloading 0 native plugins for Editor in 0.00 ms.
Unloading 1490 Unused Serialized files (Serialized files now loaded: 0)
System memory in use before: 72.4 MB.
System memory in use after: 72.5 MB.

Unloading 24 unused Assets to reduce memory usage. Loaded Objects now: 1972.
Total: 2.276000 ms (FindLiveObjects: 0.278800 ms CreateObjectMapping: 0.197200 ms MarkObjects: 1.778600 ms  DeleteObjects: 0.019700 ms)

========================================================================
Received Import Request.
  Time since last request: 473.411801 seconds.
  path: Assets/Creator Kit - RPG/Prefabs
  artifactKey: Guid(a682643de78b742dda93b717dff9e832) Importer(815301076,1909f56bfc062723c751e8b465ee728b)
Start importing Assets/Creator Kit - RPG/Prefabs using Guid(a682643de78b742dda93b717dff9e832) Importer(815301076,1909f56bfc062723c751e8b465ee728b)  -> (artifact id: '17fcc129ded43e80919b34ab25b7f31c') in 0.007195 seconds
  Import took 0.011172 seconds .

========================================================================
Received Import Request.
  Time since last request: 0.000769 seconds.
  path: Assets/Creator Kit - RPG/Prefabs
  artifactKey: Guid(a682643de78b742dda93b717dff9e832) Importer(815301076,1909f56bfc062723c751e8b465ee728b)
Start importing Assets/Creator Kit - RPG/Prefabs using Guid(a682643de78b742dda93b717dff9e832) Importer(815301076,1909f56bfc062723c751e8b465ee728b)  -> (artifact id: '17fcc129ded43e80919b34ab25b7f31c') in 0.002795 seconds
  Import took 0.005439 seconds .

========================================================================
Received Import Request.
  Time since last request: 0.050833 seconds.
  path: Assets/Creator Kit - RPG/Prefabs/Character.prefab
  artifactKey: Guid(84535a21e4ab6412690b5fa8acc3908e) Importer(815301076,1909f56bfc062723c751e8b465ee728b)
Start importing Assets/Creator Kit - RPG/Prefabs/Character.prefab using Guid(84535a21e4ab6412690b5fa8acc3908e) Importer(815301076,1909f56bfc062723c751e8b465ee728b)  -> (artifact id: 'da2b8d20a647c89d17354c833b5fc7c6') in 0.076020 seconds
  Import took 0.079027 seconds .

========================================================================
Received Import Request.
  Time since last request: 0.000396 seconds.
  path: Assets/Creator Kit - RPG/Prefabs/UI Camera.prefab
  artifactKey: Guid(fb58dc84dca7b49f99bde3835c80609b) Importer(815301076,1909f56bfc062723c751e8b465ee728b)
Start importing Assets/Creator Kit - RPG/Prefabs/UI Camera.prefab using Guid(fb58dc84dca7b49f99bde3835c80609b) Importer(815301076,1909f56bfc062723c751e8b465ee728b)  -> (artifact id: '6a05b226642d2004889a5231fbd5aa15') in 0.009228 seconds
  Import took 0.011994 seconds .

========================================================================
Received Import Request.
  Time since last request: 0.000367 seconds.
  path: Assets/Creator Kit - RPG/Prefabs/MessageBar.prefab
  artifactKey: Guid(81816288a86af46c598e1fa3b10e24a4) Importer(815301076,1909f56bfc062723c751e8b465ee728b)
Start importing Assets/Creator Kit - RPG/Prefabs/MessageBar.prefab using Guid(81816288a86af46c598e1fa3b10e24a4) Importer(815301076,1909f56bfc062723c751e8b465ee728b)  -> (artifact id: '9ce47785d9a5880bfc1624d11de01191') in 0.063622 seconds
  Import took 0.066185 seconds .

========================================================================
Received Import Request.
  Time since last request: 0.000291 seconds.
  path: Assets/Creator Kit - RPG/Prefabs/Main Camera.prefab
  artifactKey: Guid(1c14ebde4b5e54881a67b686f46e6b1d) Importer(815301076,1909f56bfc062723c751e8b465ee728b)
Start importing Assets/Creator Kit - RPG/Prefabs/Main Camera.prefab using Guid(1c14ebde4b5e54881a67b686f46e6b1d) Importer(815301076,1909f56bfc062723c751e8b465ee728b)  -> (artifact id: '8cdf99704c5da4569a1aad22dd2c23ee') in 0.005334 seconds
  Import took 0.008220 seconds .

========================================================================
Received Import Request.
  Time since last request: 0.000310 seconds.
  path: Assets/Creator Kit - RPG/Prefabs/Tilemaps.prefab
  artifactKey: Guid(a6ecdc63374074e6eb42a738a5683a91) Importer(815301076,1909f56bfc062723c751e8b465ee728b)
Start importing Assets/Creator Kit - RPG/Prefabs/Tilemaps.prefab using Guid(a6ecdc63374074e6eb42a738a5683a91) Importer(815301076,1909f56bfc062723c751e8b465ee728b)  -> (artifact id: 'c8bd7ab58081558990860819e17d72d3') in 0.005511 seconds
  Import took 0.008472 seconds .

========================================================================
Received Import Request.
  Time since last request: 0.000348 seconds.
  path: Assets/Creator Kit - RPG/Prefabs/Grid.prefab
  artifactKey: Guid(9cfc23e1a92d54df288065697ba3e2f9) Importer(815301076,1909f56bfc062723c751e8b465ee728b)
Start importing Assets/Creator Kit - RPG/Prefabs/Grid.prefab using Guid(9cfc23e1a92d54df288065697ba3e2f9) Importer(815301076,1909f56bfc062723c751e8b465ee728b)  -> (artifact id: 'e467c4dd25abb9e4756360ce79702306') in 0.006648 seconds
  Import took 0.010092 seconds .

========================================================================
Received Import Request.
  Time since last request: 0.000290 seconds.
  path: Assets/Creator Kit - RPG/Prefabs/Controllers.prefab
  artifactKey: Guid(d96c0846c7d644f72bfbf301de1def5c) Importer(815301076,1909f56bfc062723c751e8b465ee728b)
Start importing Assets/Creator Kit - RPG/Prefabs/Controllers.prefab using Guid(d96c0846c7d644f72bfbf301de1def5c) Importer(815301076,1909f56bfc062723c751e8b465ee728b)  -> (artifact id: 'a51df1ddc773f3e8b4d1fc0d8939be31') in 0.015713 seconds
  Import took 0.018911 seconds .

========================================================================
Received Import Request.
  Time since last request: 0.000476 seconds.
  path: Assets/Creator Kit - RPG/Prefabs/DialogController.prefab
  artifactKey: Guid(ab3f7178010354d87a5016c7d6b23a5a) Importer(815301076,1909f56bfc062723c751e8b465ee728b)
Start importing Assets/Creator Kit - RPG/Prefabs/DialogController.prefab using Guid(ab3f7178010354d87a5016c7d6b23a5a) Importer(815301076,1909f56bfc062723c751e8b465ee728b)  -> (artifact id: 'da310566ce64487cf1ab736c3ff2f281') in 0.032740 seconds
  Import took 0.035711 seconds .

========================================================================
Received Import Request.
  Time since last request: 0.000367 seconds.
  path: Assets/Creator Kit - RPG/Prefabs/HouseOpenDoor.prefab
  artifactKey: Guid(8d9e5ee92a6bccc4892e3ebb23cc4766) Importer(815301076,1909f56bfc062723c751e8b465ee728b)
Start importing Assets/Creator Kit - RPG/Prefabs/HouseOpenDoor.prefab using Guid(8d9e5ee92a6bccc4892e3ebb23cc4766) Importer(815301076,1909f56bfc062723c751e8b465ee728b)  -> (artifact id: '38501a8aae69b9cd691ac999e255f25f') in 0.013245 seconds
  Import took 0.015765 seconds .

========================================================================
Received Import Request.
  Time since last request: 0.000355 seconds.
  path: Assets/Creator Kit - RPG/Prefabs/Inventory.prefab
  artifactKey: Guid(7c53998562858411aa85d8e0c4bc1333) Importer(815301076,1909f56bfc062723c751e8b465ee728b)
Start importing Assets/Creator Kit - RPG/Prefabs/Inventory.prefab using Guid(7c53998562858411aa85d8e0c4bc1333) Importer(815301076,1909f56bfc062723c751e8b465ee728b)  -> (artifact id: 'deb0cc5736bda77ec365c863ffbe44cf') in 0.032560 seconds
  Import took 0.035393 seconds .

========================================================================
Received Import Request.
  Time since last request: 0.000345 seconds.
  path: Assets/Creator Kit - RPG/Prefabs/InventoryDialog.prefab
  artifactKey: Guid(9c7cbb01d716340ab97a9c902e59ccee) Importer(815301076,1909f56bfc062723c751e8b465ee728b)
Start importing Assets/Creator Kit - RPG/Prefabs/InventoryDialog.prefab using Guid(9c7cbb01d716340ab97a9c902e59ccee) Importer(815301076,1909f56bfc062723c751e8b465ee728b)  -> (artifact id: 'ec15e43cf842b9997bca375ee7569a6e') in 0.035315 seconds
  Import took 0.037705 seconds .

========================================================================
Received Import Request.
  Time since last request: 0.000354 seconds.
  path: Assets/Creator Kit - RPG/Prefabs/HouseRoof.prefab
  artifactKey: Guid(4ca9604554bc54f608984cba5088222e) Importer(815301076,1909f56bfc062723c751e8b465ee728b)
Start importing Assets/Creator Kit - RPG/Prefabs/HouseRoof.prefab using Guid(4ca9604554bc54f608984cba5088222e) Importer(815301076,1909f56bfc062723c751e8b465ee728b)  -> (artifact id: '3b21399b3642a02072b59cfb69638699') in 0.009554 seconds
  Import took 0.012597 seconds .

========================================================================
Received Import Request.
  Time since last request: 0.000342 seconds.
  path: Assets/Creator Kit - RPG/Prefabs/HouseChimney.prefab
  artifactKey: Guid(4d6bc847403394c328ca695ffeb4a209) Importer(815301076,1909f56bfc062723c751e8b465ee728b)
Start importing Assets/Creator Kit - RPG/Prefabs/HouseChimney.prefab using Guid(4d6bc847403394c328ca695ffeb4a209) Importer(815301076,1909f56bfc062723c751e8b465ee728b)  -> (artifact id: 'a3808f4dade7e00fe6f94a6f7c8435ab') in 0.010116 seconds
  Import took 0.013679 seconds .

========================================================================
Received Import Request.
  Time since last request: 12.545088 seconds.
  path: Assets/Creator Kit - RPG/Prefabs/HouseRoof 1.prefab
  artifactKey: Guid(862dd4bd490d7ab42b47ad983a4aacdc) Importer(815301076,1909f56bfc062723c751e8b465ee728b)
Start importing Assets/Creator Kit - RPG/Prefabs/HouseRoof 1.prefab using Guid(862dd4bd490d7ab42b47ad983a4aacdc) Importer(815301076,1909f56bfc062723c751e8b465ee728b)  -> (artifact id: '8a653ee21d1eaaae2ee7de84f7730b71') in 0.010718 seconds
  Import took 0.013498 seconds .

========================================================================
Received Import Request.
  Time since last request: 0.012517 seconds.
  path: Assets/Creator Kit - RPG/Prefabs/HouseRoof 1.prefab
  artifactKey: Guid(862dd4bd490d7ab42b47ad983a4aacdc) Importer(815301076,1909f56bfc062723c751e8b465ee728b)
Start importing Assets/Creator Kit - RPG/Prefabs/HouseRoof 1.prefab using Guid(862dd4bd490d7ab42b47ad983a4aacdc) Importer(815301076,1909f56bfc062723c751e8b465ee728b)  -> (artifact id: '8a653ee21d1eaaae2ee7de84f7730b71') in 0.010831 seconds
  Import took 0.013867 seconds .

========================================================================
Received Import Request.
  Time since last request: 42.544932 seconds.
  path: Assets/Creator Kit - RPG/Prefabs/VisibleHouseRoof.prefab
  artifactKey: Guid(862dd4bd490d7ab42b47ad983a4aacdc) Importer(815301076,1909f56bfc062723c751e8b465ee728b)
Start importing Assets/Creator Kit - RPG/Prefabs/VisibleHouseRoof.prefab using Guid(862dd4bd490d7ab42b47ad983a4aacdc) Importer(815301076,1909f56bfc062723c751e8b465ee728b)  -> (artifact id: '953bd43213e086ac55dac037d5959946') in 0.013388 seconds
  Import took 0.016772 seconds .

========================================================================
Received Import Request.
  Time since last request: 0.004830 seconds.
  path: Assets/Creator Kit - RPG/Prefabs/VisibleHouseRoof.prefab
  artifactKey: Guid(862dd4bd490d7ab42b47ad983a4aacdc) Importer(815301076,1909f56bfc062723c751e8b465ee728b)
Start importing Assets/Creator Kit - RPG/Prefabs/VisibleHouseRoof.prefab using Guid(862dd4bd490d7ab42b47ad983a4aacdc) Importer(815301076,1909f56bfc062723c751e8b465ee728b)  -> (artifact id: '953bd43213e086ac55dac037d5959946') in 0.009665 seconds
  Import took 0.012773 seconds .

========================================================================
Received Import Request.
  Time since last request: 11.942650 seconds.
  path: Assets/Creator Kit - RPG/Scripts
  artifactKey: Guid(ff7f58b36ba2e4ca79137834b92cabb9) Importer(815301076,1909f56bfc062723c751e8b465ee728b)
Start importing Assets/Creator Kit - RPG/Scripts using Guid(ff7f58b36ba2e4ca79137834b92cabb9) Importer(815301076,1909f56bfc062723c751e8b465ee728b)  -> (artifact id: '675d289c6556a85ddb8c2449743867b4') in 0.004377 seconds
  Import took 0.007470 seconds .

========================================================================
Received Import Request.
  Time since last request: 1.983528 seconds.
  path: Assets/Creator Kit - RPG/Scripts/Gameplay
  artifactKey: Guid(467f3f1700f104bdca1c78420950c919) Importer(815301076,1909f56bfc062723c751e8b465ee728b)
Start importing Assets/Creator Kit - RPG/Scripts/Gameplay using Guid(467f3f1700f104bdca1c78420950c919) Importer(815301076,1909f56bfc062723c751e8b465ee728b)  -> (artifact id: 'dc1ac2551959559928dc413677d271fa') in 0.003939 seconds
  Import took 0.006890 seconds .

========================================================================
Received Import Request.
  Time since last request: 6.638708 seconds.
  path: Assets/Creator Kit - RPG/Scripts/Gameplay/FadingSprite.cs
  artifactKey: Guid(b5b1f64ef65a74c7cbc8d41dd19bf5f9) Importer(815301076,1909f56bfc062723c751e8b465ee728b)
Start importing Assets/Creator Kit - RPG/Scripts/Gameplay/FadingSprite.cs using Guid(b5b1f64ef65a74c7cbc8d41dd19bf5f9) Importer(815301076,1909f56bfc062723c751e8b465ee728b)  -> (artifact id: 'ed097f91fe3afef8dc00d6f41f93bcf3') in 0.009550 seconds
  Import took 0.012394 seconds .

========================================================================
Received Import Request.
  Time since last request: 17.219809 seconds.
  path: Assets/Creator Kit - RPG/Prefabs/FadedHouseRoof.prefab
  artifactKey: Guid(862dd4bd490d7ab42b47ad983a4aacdc) Importer(815301076,1909f56bfc062723c751e8b465ee728b)
Start importing Assets/Creator Kit - RPG/Prefabs/FadedHouseRoof.prefab using Guid(862dd4bd490d7ab42b47ad983a4aacdc) Importer(815301076,1909f56bfc062723c751e8b465ee728b)  -> (artifact id: '97b30b8cfd3f78d28e5ee800f09aa735') in 0.011233 seconds
  Import took 0.014982 seconds .

========================================================================
Received Import Request.
  Time since last request: 0.005898 seconds.
  path: Assets/Creator Kit - RPG/Prefabs/FadedHouseRoof.prefab
  artifactKey: Guid(862dd4bd490d7ab42b47ad983a4aacdc) Importer(815301076,1909f56bfc062723c751e8b465ee728b)
Start importing Assets/Creator Kit - RPG/Prefabs/FadedHouseRoof.prefab using Guid(862dd4bd490d7ab42b47ad983a4aacdc) Importer(815301076,1909f56bfc062723c751e8b465ee728b)  -> (artifact id: '97b30b8cfd3f78d28e5ee800f09aa735') in 0.009409 seconds
  Import took 0.012391 seconds .

========================================================================
Received Prepare
Registering precompiled user dll's ...
Registered in 0.002485 seconds.
Begin MonoManager ReloadAssembly
Native extension for WindowsStandalone target not found
Native extension for WebGL target not found
Refreshing native plugins compatible for Editor in 0.60 ms, found 0 plugins.
Preloading 0 native plugins for Editor in 0.00 ms.
Invoked RoslynAnalysisRunner static constructor.
RoslynAnalysisRunner will not be running.
RoslynAnalysisRunner has terminated.
Mono: successfully reloaded assembly
- Completed reload, in  0.823 seconds
Platform modules already initialized, skipping
Refreshing native plugins compatible for Editor in 0.45 ms, found 0 plugins.
Preloading 0 native plugins for Editor in 0.00 ms.
Unloading 1490 Unused Serialized files (Serialized files now loaded: 0)
System memory in use before: 72.6 MB.
System memory in use after: 72.7 MB.

Unloading 26 unused Assets to reduce memory usage. Loaded Objects now: 1981.
Total: 1.944000 ms (FindLiveObjects: 0.176900 ms CreateObjectMapping: 0.050100 ms MarkObjects: 1.622200 ms  DeleteObjects: 0.093100 ms)

========================================================================
Received Import Request.
  Time since last request: 168.126047 seconds.
  path: Assets/Creator Kit - RPG/Prefabs/FadedHouseRoof.prefab
  artifactKey: Guid(862dd4bd490d7ab42b47ad983a4aacdc) Importer(815301076,1909f56bfc062723c751e8b465ee728b)
Start importing Assets/Creator Kit - RPG/Prefabs/FadedHouseRoof.prefab using Guid(862dd4bd490d7ab42b47ad983a4aacdc) Importer(815301076,1909f56bfc062723c751e8b465ee728b)  -> (artifact id: '26491e52fa08745133a045d0aba17423') in 0.056129 seconds
  Import took 0.059354 seconds .

========================================================================
Received Prepare
Registering precompiled user dll's ...
Registered in 0.002370 seconds.
Begin MonoManager ReloadAssembly
Native extension for WindowsStandalone target not found
Native extension for WebGL target not found
Refreshing native plugins compatible for Editor in 0.57 ms, found 0 plugins.
Preloading 0 native plugins for Editor in 0.00 ms.
Invoked RoslynAnalysisRunner static constructor.
RoslynAnalysisRunner will not be running.
RoslynAnalysisRunner has terminated.
Mono: successfully reloaded assembly
- Completed reload, in  0.892 seconds
Platform modules already initialized, skipping
Refreshing native plugins compatible for Editor in 0.51 ms, found 0 plugins.
Preloading 0 native plugins for Editor in 0.00 ms.
Unloading 1490 Unused Serialized files (Serialized files now loaded: 0)
System memory in use before: 72.6 MB.
System memory in use after: 72.7 MB.

Unloading 24 unused Assets to reduce memory usage. Loaded Objects now: 1985.
Total: 2.070700 ms (FindLiveObjects: 0.245500 ms CreateObjectMapping: 0.061200 ms MarkObjects: 1.714600 ms  DeleteObjects: 0.048000 ms)

========================================================================
Received Prepare
Registering precompiled user dll's ...
Registered in 0.002476 seconds.
Begin MonoManager ReloadAssembly
Native extension for WindowsStandalone target not found
Native extension for WebGL target not found
Refreshing native plugins compatible for Editor in 0.44 ms, found 0 plugins.
Preloading 0 native plugins for Editor in 0.00 ms.
Invoked RoslynAnalysisRunner static constructor.
RoslynAnalysisRunner will not be running.
RoslynAnalysisRunner has terminated.
Mono: successfully reloaded assembly
- Completed reload, in  0.847 seconds
Platform modules already initialized, skipping
Refreshing native plugins compatible for Editor in 0.42 ms, found 0 plugins.
Preloading 0 native plugins for Editor in 0.00 ms.
Unloading 1490 Unused Serialized files (Serialized files now loaded: 0)
System memory in use before: 72.6 MB.
System memory in use after: 72.7 MB.

Unloading 24 unused Assets to reduce memory usage. Loaded Objects now: 1988.
Total: 1.676100 ms (FindLiveObjects: 0.189900 ms CreateObjectMapping: 0.039000 ms MarkObjects: 1.428100 ms  DeleteObjects: 0.017800 ms)

========================================================================
Received Prepare
Registering precompiled user dll's ...
Registered in 0.003527 seconds.
Begin MonoManager ReloadAssembly
Native extension for WindowsStandalone target not found
Native extension for WebGL target not found
Refreshing native plugins compatible for Editor in 0.40 ms, found 0 plugins.
Preloading 0 native plugins for Editor in 0.00 ms.
Invoked RoslynAnalysisRunner static constructor.
RoslynAnalysisRunner will not be running.
RoslynAnalysisRunner has terminated.
Mono: successfully reloaded assembly
- Completed reload, in  0.845 seconds
Platform modules already initialized, skipping
Refreshing native plugins compatible for Editor in 0.47 ms, found 0 plugins.
Preloading 0 native plugins for Editor in 0.00 ms.
Unloading 1490 Unused Serialized files (Serialized files now loaded: 0)
System memory in use before: 72.6 MB.
System memory in use after: 72.7 MB.

Unloading 24 unused Assets to reduce memory usage. Loaded Objects now: 1991.
Total: 1.924900 ms (FindLiveObjects: 0.247100 ms CreateObjectMapping: 0.042900 ms MarkObjects: 1.598400 ms  DeleteObjects: 0.019000 ms)

========================================================================
Received Import Request.
  Time since last request: 829.671116 seconds.
  path: Assets/Creator Kit - RPG/Art/Sprites/Characters/Characters02_AnimationSheet.png
  artifactKey: Guid(3f198c94b65508c44a32b4b4072bb419) Importer(815301076,1909f56bfc062723c751e8b465ee728b)
Start importing Assets/Creator Kit - RPG/Art/Sprites/Characters/Characters02_AnimationSheet.png using Guid(3f198c94b65508c44a32b4b4072bb419) Importer(815301076,1909f56bfc062723c751e8b465ee728b)  -> (artifact id: '37e9491c9ff19eef7fd0e5090248b3b5') in 0.133561 seconds
  Import took 0.137088 seconds .

========================================================================
Received Import Request.
  Time since last request: 0.000418 seconds.
  path: Assets/Creator Kit - RPG/Art/Sprites/Characters/Characters02_AnimationSheet.png
  artifactKey: Guid(3f198c94b65508c44a32b4b4072bb419) Importer(815301076,1909f56bfc062723c751e8b465ee728b)
Start importing Assets/Creator Kit - RPG/Art/Sprites/Characters/Characters02_AnimationSheet.png using Guid(3f198c94b65508c44a32b4b4072bb419) Importer(815301076,1909f56bfc062723c751e8b465ee728b)  -> (artifact id: '37e9491c9ff19eef7fd0e5090248b3b5') in 0.091063 seconds
  Import took 0.094245 seconds .

========================================================================
Received Import Request.
  Time since last request: 29.003245 seconds.
  path: Assets/Creator Kit - RPG/Art/Sprites/Characters/Characters01_AnimationSheet.png
  artifactKey: Guid(f22540e8ea335034b92c27795aa254c6) Importer(815301076,1909f56bfc062723c751e8b465ee728b)
Start importing Assets/Creator Kit - RPG/Art/Sprites/Characters/Characters01_AnimationSheet.png using Guid(f22540e8ea335034b92c27795aa254c6) Importer(815301076,1909f56bfc062723c751e8b465ee728b)  -> (artifact id: '8aa2acd70bb4cc1b808d6ab736fafc14') in 0.108567 seconds
  Import took 0.111985 seconds .

========================================================================
Received Import Request.
  Time since last request: 0.000280 seconds.
  path: Assets/Creator Kit - RPG/Art/Sprites/Animated Environment/Animated_HighGrass_Sheet.png
  artifactKey: Guid(41a5838cb902bfa43b3d51f653cd804a) Importer(815301076,1909f56bfc062723c751e8b465ee728b)
Start importing Assets/Creator Kit - RPG/Art/Sprites/Animated Environment/Animated_HighGrass_Sheet.png using Guid(41a5838cb902bfa43b3d51f653cd804a) Importer(815301076,1909f56bfc062723c751e8b465ee728b)  -> (artifact id: '043b415e591c2ab3e4179b7189aad74d') in 0.114620 seconds
  Import took 0.117482 seconds .

========================================================================
Received Import Request.
  Time since last request: 0.000337 seconds.
  path: Assets/Creator Kit - RPG/Art/Sprites/Characters/Characters01_AnimationSheet.png
  artifactKey: Guid(f22540e8ea335034b92c27795aa254c6) Importer(815301076,1909f56bfc062723c751e8b465ee728b)
Start importing Assets/Creator Kit - RPG/Art/Sprites/Characters/Characters01_AnimationSheet.png using Guid(f22540e8ea335034b92c27795aa254c6) Importer(815301076,1909f56bfc062723c751e8b465ee728b)  -> (artifact id: '8aa2acd70bb4cc1b808d6ab736fafc14') in 0.106537 seconds
  Import took 0.110975 seconds .

========================================================================
Received Import Request.
  Time since last request: 0.000270 seconds.
  path: Assets/Creator Kit - RPG/Art/Sprites/Animated Environment/Animated_HighGrass_Sheet.png
  artifactKey: Guid(41a5838cb902bfa43b3d51f653cd804a) Importer(815301076,1909f56bfc062723c751e8b465ee728b)
Start importing Assets/Creator Kit - RPG/Art/Sprites/Animated Environment/Animated_HighGrass_Sheet.png using Guid(41a5838cb902bfa43b3d51f653cd804a) Importer(815301076,1909f56bfc062723c751e8b465ee728b)  -> (artifact id: '043b415e591c2ab3e4179b7189aad74d') in 0.113114 seconds
  Import took 0.116338 seconds .

========================================================================
Received Prepare
Registering precompiled user dll's ...
Registered in 0.002445 seconds.
Begin MonoManager ReloadAssembly
Native extension for WindowsStandalone target not found
Native extension for WebGL target not found
Refreshing native plugins compatible for Editor in 0.56 ms, found 0 plugins.
Preloading 0 native plugins for Editor in 0.00 ms.
Invoked RoslynAnalysisRunner static constructor.
RoslynAnalysisRunner will not be running.
RoslynAnalysisRunner has terminated.
Mono: successfully reloaded assembly
- Completed reload, in  0.834 seconds
Platform modules already initialized, skipping
Refreshing native plugins compatible for Editor in 0.44 ms, found 0 plugins.
Preloading 0 native plugins for Editor in 0.00 ms.
Unloading 1490 Unused Serialized files (Serialized files now loaded: 0)
System memory in use before: 72.7 MB.
System memory in use after: 72.8 MB.

Unloading 24 unused Assets to reduce memory usage. Loaded Objects now: 1995.
Total: 1.669800 ms (FindLiveObjects: 0.159500 ms CreateObjectMapping: 0.047700 ms MarkObjects: 1.443300 ms  DeleteObjects: 0.017900 ms)

========================================================================
Received Prepare
Registering precompiled user dll's ...
Registered in 0.002412 seconds.
Begin MonoManager ReloadAssembly
Native extension for WindowsStandalone target not found
Native extension for WebGL target not found
Refreshing native plugins compatible for Editor in 0.40 ms, found 0 plugins.
Preloading 0 native plugins for Editor in 0.00 ms.
Invoked RoslynAnalysisRunner static constructor.
RoslynAnalysisRunner will not be running.
RoslynAnalysisRunner has terminated.
Mono: successfully reloaded assembly
- Completed reload, in  0.846 seconds
Platform modules already initialized, skipping
Refreshing native plugins compatible for Editor in 0.43 ms, found 0 plugins.
Preloading 0 native plugins for Editor in 0.00 ms.
Unloading 1490 Unused Serialized files (Serialized files now loaded: 0)
System memory in use before: 72.7 MB.
System memory in use after: 72.8 MB.

Unloading 24 unused Assets to reduce memory usage. Loaded Objects now: 1998.
Total: 2.080900 ms (FindLiveObjects: 0.246000 ms CreateObjectMapping: 0.066500 ms MarkObjects: 1.730200 ms  DeleteObjects: 0.036100 ms)

========================================================================
Received Prepare
Registering precompiled user dll's ...
Registered in 0.002965 seconds.
Begin MonoManager ReloadAssembly
Native extension for WindowsStandalone target not found
Native extension for WebGL target not found
Refreshing native plugins compatible for Editor in 0.41 ms, found 0 plugins.
Preloading 0 native plugins for Editor in 0.00 ms.
Invoked RoslynAnalysisRunner static constructor.
RoslynAnalysisRunner will not be running.
RoslynAnalysisRunner has terminated.
Mono: successfully reloaded assembly
- Completed reload, in  0.812 seconds
Platform modules already initialized, skipping
Refreshing native plugins compatible for Editor in 0.46 ms, found 0 plugins.
Preloading 0 native plugins for Editor in 0.00 ms.
Unloading 1490 Unused Serialized files (Serialized files now loaded: 0)
System memory in use before: 72.7 MB.
System memory in use after: 72.8 MB.

Unloading 24 unused Assets to reduce memory usage. Loaded Objects now: 2001.
Total: 2.112500 ms (FindLiveObjects: 0.335600 ms CreateObjectMapping: 0.119500 ms MarkObjects: 1.622500 ms  DeleteObjects: 0.033200 ms)

AssetImportWorkerClient::OnTransportError - code=2 error=End of file
